

================================================================
== Vivado HLS Report for 'QUBO2Ising'
================================================================
* Date:           Tue Jun 29 07:47:04 2021

* Version:        2019.2 (Build 2704478 on Wed Nov 06 22:10:23 MST 2019)
* Project:        exch
* Solution:       solution1
* Product family: virtexuplus
* Target device:  xcu280-fsvh2892-2L-e


================================================================
== Performance Estimates
================================================================
+ Timing: 
    * Summary: 
    +--------+----------+----------+------------+
    |  Clock |  Target  | Estimated| Uncertainty|
    +--------+----------+----------+------------+
    |ap_clk  | 10.00 ns | 8.537 ns |   1.25 ns  |
    +--------+----------+----------+------------+

+ Latency: 
    * Summary: 
    +---------+---------+----------+----------+--------+--------+---------+
    |  Latency (cycles) |  Latency (absolute) |     Interval    | Pipeline|
    |   min   |   max   |    min   |    max   |   min  |   max  |   Type  |
    +---------+---------+----------+----------+--------+--------+---------+
    |   579107|   579107| 5.791 ms | 5.791 ms |  579107|  579107|   none  |
    +---------+---------+----------+----------+--------+--------+---------+

    + Detail: 
        * Instance: 
        N/A

        * Loop: 
        +-----------------+---------+---------+----------+-----------+-----------+------+----------+
        |                 |  Latency (cycles) | Iteration|  Initiation Interval  | Trip |          |
        |    Loop Name    |   min   |   max   |  Latency |  achieved |   target  | Count| Pipelined|
        +-----------------+---------+---------+----------+-----------+-----------+------+----------+
        |- Loop 1         |    53536|    53536|      3346|          -|          -|    16|    no    |
        | + Loop 1.1      |     3344|     3344|       209|          -|          -|    16|    no    |
        |  ++ Loop 1.1.1  |      192|      192|        12|          -|          -|    16|    no    |
        |- Loop 2         |   328448|   328448|      1283|          -|          -|   256|    no    |
        | + Loop 2.1      |     1280|     1280|         5|          -|          -|   256|    no    |
        |- Loop 3         |   197120|   197120|       770|          -|          -|   256|    no    |
        | + Loop 3.1      |      768|      768|         3|          -|          -|   256|    no    |
        +-----------------+---------+---------+----------+-----------+-----------+------+----------+



================================================================
== Utilization Estimates
================================================================
* Summary: 
+---------------------+---------+-------+---------+---------+-----+
|         Name        | BRAM_18K| DSP48E|    FF   |   LUT   | URAM|
+---------------------+---------+-------+---------+---------+-----+
|DSP                  |        -|      -|        -|        -|    -|
|Expression           |        -|      -|        0|      235|    -|
|FIFO                 |        -|      -|        -|        -|    -|
|Instance             |        -|      8|      648|     1057|    -|
|Memory               |        -|      -|        -|        -|    -|
|Multiplexer          |        -|      -|        -|      498|    -|
|Register             |        -|      -|      618|        -|    -|
+---------------------+---------+-------+---------+---------+-----+
|Total                |        0|      8|     1266|     1790|    0|
+---------------------+---------+-------+---------+---------+-----+
|Available SLR        |     1344|   3008|   869120|   434560|  320|
+---------------------+---------+-------+---------+---------+-----+
|Utilization SLR (%)  |        0|   ~0  |    ~0   |    ~0   |    0|
+---------------------+---------+-------+---------+---------+-----+
|Available            |     4032|   9024|  2607360|  1303680|  960|
+---------------------+---------+-------+---------+---------+-----+
|Utilization (%)      |        0|   ~0  |    ~0   |    ~0   |    0|
+---------------------+---------+-------+---------+---------+-----+

+ Detail: 
    * Instance: 
    +-------------------------+----------------------+---------+-------+-----+-----+-----+
    |         Instance        |        Module        | BRAM_18K| DSP48E|  FF | LUT | URAM|
    +-------------------------+----------------------+---------+-------+-----+-----+-----+
    |exch_dadddsub_64nfYi_U5  |exch_dadddsub_64nfYi  |        0|      3|  343|  708|    0|
    |exch_fadd_32ns_32bkb_U1  |exch_fadd_32ns_32bkb  |        0|      2|  177|  226|    0|
    |exch_fmul_32ns_32cud_U2  |exch_fmul_32ns_32cud  |        0|      3|  128|   77|    0|
    |exch_fpext_32ns_6eOg_U4  |exch_fpext_32ns_6eOg  |        0|      0|    0|   18|    0|
    |exch_fptrunc_64nsdEe_U3  |exch_fptrunc_64nsdEe  |        0|      0|    0|   28|    0|
    +-------------------------+----------------------+---------+-------+-----+-----+-----+
    |Total                    |                      |        0|      8|  648| 1057|    0|
    +-------------------------+----------------------+---------+-------+-----+-----+-----+

    * DSP48E: 
    N/A

    * Memory: 
    N/A

    * FIFO: 
    N/A

    * Expression: 
    +-----------------------+----------+-------+---+----+------------+------------+
    |     Variable Name     | Operation| DSP48E| FF| LUT| Bitwidth P0| Bitwidth P1|
    +-----------------------+----------+-------+---+----+------------+------------+
    |add_ln119_1_fu_592_p2  |     +    |      0|  0|  18|          18|          18|
    |add_ln119_fu_570_p2    |     +    |      0|  0|  18|          18|          18|
    |add_ln127_fu_642_p2    |     +    |      0|  0|  18|          18|          18|
    |add_ln78_fu_376_p2     |     +    |      0|  0|  10|          10|          10|
    |i_5_fu_608_p2          |     +    |      0|  0|   9|           9|           1|
    |i_6_fu_528_p2          |     +    |      0|  0|   9|           9|           1|
    |i_fu_322_p2            |     +    |      0|  0|   6|           5|           1|
    |ij_fu_386_p2           |     +    |      0|  0|   8|           8|           8|
    |ik_fu_455_p2           |     +    |      0|  0|   8|           8|           8|
    |j_2_fu_362_p2          |     +    |      0|  0|   6|           5|           1|
    |j_3_fu_632_p2          |     +    |      0|  0|   9|           9|           1|
    |j_fu_560_p2            |     +    |      0|  0|   9|           9|           1|
    |ji_fu_410_p2           |     +    |      0|  0|   8|           8|           8|
    |k_fu_449_p2            |     +    |      0|  0|   6|           5|           1|
    |ki_fu_472_p2           |     +    |      0|  0|   8|           8|           8|
    |icmp_ln114_fu_522_p2   |   icmp   |      0|  0|  13|           9|          10|
    |icmp_ln117_fu_554_p2   |   icmp   |      0|  0|  13|           9|          10|
    |icmp_ln123_fu_602_p2   |   icmp   |      0|  0|  13|           9|          10|
    |icmp_ln125_fu_626_p2   |   icmp   |      0|  0|  13|           9|          10|
    |icmp_ln72_fu_316_p2    |   icmp   |      0|  0|  11|           5|           6|
    |icmp_ln74_fu_356_p2    |   icmp   |      0|  0|  11|           5|           6|
    |icmp_ln81_fu_443_p2    |   icmp   |      0|  0|  11|           5|           6|
    +-----------------------+----------+-------+---+----+------------+------------+
    |Total                  |          |      0|  0| 235|         198|         161|
    +-----------------------+----------+-------+---+----+------------+------------+

    * Multiplexer: 
    +-------------------+-----+-----------+-----+-----------+
    |        Name       | LUT | Input Size| Bits| Total Bits|
    +-------------------+-----+-----------+-----+-----------+
    |J_address0         |   65|         16|   16|        256|
    |J_address1         |   21|          4|   16|         64|
    |J_d0               |   15|          3|   32|         96|
    |ap_NS_fsm          |  185|         42|    1|         42|
    |grp_fu_258_p0      |   15|          3|   32|         96|
    |grp_fu_258_p1      |   38|          7|   32|        224|
    |grp_fu_270_p0      |   21|          4|   32|        128|
    |grp_fu_270_p1      |   21|          4|   32|        128|
    |grp_fu_285_p0      |   15|          3|   32|         96|
    |grp_fu_289_opcode  |   15|          3|    2|          6|
    |grp_fu_289_p1      |   15|          3|   64|        192|
    |i1_0_reg_202       |    9|          2|    9|         18|
    |i3_0_reg_236       |    9|          2|    9|         18|
    |i_0_reg_169        |    9|          2|    5|         10|
    |j2_0_reg_225       |    9|          2|    9|         18|
    |j4_0_reg_247       |    9|          2|    9|         18|
    |j_0_reg_180        |    9|          2|    5|         10|
    |k_0_reg_191        |    9|          2|    5|         10|
    |temp_0_reg_213     |    9|          2|   32|         64|
    +-------------------+-----+-----------+-----+-----------+
    |Total              |  498|        108|  374|       1494|
    +-------------------+-----+-----------+-----+-----------+

    * Register: 
    +----------------------+----+----+-----+-----------+
    |         Name         | FF | LUT| Bits| Const Bits|
    +----------------------+----+----+-----+-----------+
    |J_addr_10_reg_778     |  16|   0|   16|          0|
    |J_addr_2_reg_734      |  16|   0|   16|          0|
    |J_addr_3_reg_739      |  16|   0|   16|          0|
    |J_addr_6_reg_860      |  16|   0|   16|          0|
    |J_addr_7_reg_763      |  16|   0|   16|          0|
    |J_addr_8_reg_768      |  16|   0|   16|          0|
    |J_addr_9_reg_773      |  16|   0|   16|          0|
    |J_addr_reg_717        |  16|   0|   16|          0|
    |ap_CS_fsm             |  41|   0|   41|          0|
    |i1_0_reg_202          |   9|   0|    9|          0|
    |i3_0_reg_236          |   9|   0|    9|          0|
    |i_0_reg_169           |   5|   0|    5|          0|
    |i_5_reg_842           |   9|   0|    9|          0|
    |i_6_reg_786           |   9|   0|    9|          0|
    |i_reg_661             |   5|   0|    5|          0|
    |ij_reg_710            |   8|   0|    8|          0|
    |ik_reg_752            |   8|   0|    8|          0|
    |j2_0_reg_225          |   9|   0|    9|          0|
    |j4_0_reg_247          |   9|   0|    9|          0|
    |j_0_reg_180           |   5|   0|    5|          0|
    |j_2_reg_685           |   5|   0|    5|          0|
    |j_3_reg_855           |   9|   0|    9|          0|
    |j_reg_809             |   9|   0|    9|          0|
    |ji_reg_727            |   8|   0|    8|          0|
    |k_0_reg_191           |   5|   0|    5|          0|
    |k_reg_747             |   5|   0|    5|          0|
    |ki_reg_757            |   8|   0|    8|          0|
    |reg_294               |  64|   0|   64|          0|
    |reg_299               |  64|   0|   64|          0|
    |shl_ln_reg_666        |   4|   0|    8|          4|
    |temp_0_reg_213        |  32|   0|   32|          0|
    |tmp_2_reg_829         |  32|   0|   32|          0|
    |tmp_8_reg_722         |  32|   0|   32|          0|
    |tmp_reg_705           |  32|   0|   32|          0|
    |trunc_ln77_reg_690    |   4|   0|    4|          0|
    |zext_ln117_reg_801    |   9|   0|   18|          9|
    |zext_ln119_1_reg_796  |   9|   0|   18|          9|
    |zext_ln119_reg_791    |   9|   0|   64|         55|
    |zext_ln125_reg_847    |   9|   0|   18|          9|
    |zext_ln72_reg_652     |   5|   0|    8|          3|
    |zext_ln74_1_reg_672   |   5|   0|   10|          5|
    |zext_ln74_reg_677     |   5|   0|    8|          3|
    +----------------------+----+----+-----+-----------+
    |Total                 | 618|   0|  715|         97|
    +----------------------+----+----+-----+-----------+



================================================================
== Interface
================================================================
* Summary: 
+----------------+-----+-----+------------+--------------+--------------+
|    RTL Ports   | Dir | Bits|  Protocol  | Source Object|    C Type    |
+----------------+-----+-----+------------+--------------+--------------+
|ap_clk          |  in |    1| ap_ctrl_hs |  QUBO2Ising  | return value |
|ap_rst          |  in |    1| ap_ctrl_hs |  QUBO2Ising  | return value |
|ap_start        |  in |    1| ap_ctrl_hs |  QUBO2Ising  | return value |
|ap_done         | out |    1| ap_ctrl_hs |  QUBO2Ising  | return value |
|ap_idle         | out |    1| ap_ctrl_hs |  QUBO2Ising  | return value |
|ap_ready        | out |    1| ap_ctrl_hs |  QUBO2Ising  | return value |
|xrate_address0  | out |    8|  ap_memory |     xrate    |     array    |
|xrate_ce0       | out |    1|  ap_memory |     xrate    |     array    |
|xrate_q0        |  in |   32|  ap_memory |     xrate    |     array    |
|J_address0      | out |   16|  ap_memory |       J      |     array    |
|J_ce0           | out |    1|  ap_memory |       J      |     array    |
|J_we0           | out |    1|  ap_memory |       J      |     array    |
|J_d0            | out |   32|  ap_memory |       J      |     array    |
|J_q0            |  in |   32|  ap_memory |       J      |     array    |
|J_address1      | out |   16|  ap_memory |       J      |     array    |
|J_ce1           | out |    1|  ap_memory |       J      |     array    |
|J_we1           | out |    1|  ap_memory |       J      |     array    |
|J_d1            | out |   32|  ap_memory |       J      |     array    |
|J_q1            |  in |   32|  ap_memory |       J      |     array    |
|h_address0      | out |    8|  ap_memory |       h      |     array    |
|h_ce0           | out |    1|  ap_memory |       h      |     array    |
|h_we0           | out |    1|  ap_memory |       h      |     array    |
|h_d0            | out |   32|  ap_memory |       h      |     array    |
+----------------+-----+-----+------------+--------------+--------------+

